<?xml version="1.0" encoding="UTF-8"?>
<testng-results skipped="0" failed="0" total="2" passed="2">
  <reporter-output>
  </reporter-output>
  <suite name="InetBankingV1" duration-ms="30684" started-at="2021-08-11T09:45:02Z" finished-at="2021-08-11T09:45:33Z">
    <groups>
    </groups>
    <test name="BankingApp Test" duration-ms="30684" started-at="2021-08-11T09:45:02Z" finished-at="2021-08-11T09:45:33Z">
      <class name="com.inetbanking.testCases.TC_LoginTest_001">
        <test-method status="PASS" signature="setup(java.lang.String)[pri:0, instance:com.inetbanking.testCases.TC_LoginTest_001@6a41eaa2]" name="setup" is-config="true" duration-ms="5186" started-at="2021-08-11T15:15:03Z" finished-at="2021-08-11T15:15:08Z">
          <params>
            <param index="0">
              <value>
                <![CDATA[chrome]]>
              </value>
            </param>
          </params>
          <reporter-output>
          </reporter-output>
        </test-method> <!-- setup -->
        <test-method status="PASS" signature="loginTest()[pri:0, instance:com.inetbanking.testCases.TC_LoginTest_001@6a41eaa2]" name="loginTest" duration-ms="2286" started-at="2021-08-11T15:15:08Z" finished-at="2021-08-11T15:15:10Z">
          <reporter-output>
          </reporter-output>
        </test-method> <!-- loginTest -->
        <test-method status="PASS" signature="tearDown()[pri:0, instance:com.inetbanking.testCases.TC_LoginTest_001@6a41eaa2]" name="tearDown" is-config="true" duration-ms="76" started-at="2021-08-11T15:15:10Z" finished-at="2021-08-11T15:15:10Z">
          <reporter-output>
          </reporter-output>
        </test-method> <!-- tearDown -->
      </class> <!-- com.inetbanking.testCases.TC_LoginTest_001 -->
      <class name="com.inetbanking.testCases.TC_AddCustomerTest_003">
        <test-method status="PASS" signature="setup(java.lang.String)[pri:0, instance:com.inetbanking.testCases.TC_AddCustomerTest_003@7cd62f43]" name="setup" is-config="true" duration-ms="3971" started-at="2021-08-11T15:15:10Z" finished-at="2021-08-11T15:15:14Z">
          <params>
            <param index="0">
              <value>
                <![CDATA[chrome]]>
              </value>
            </param>
          </params>
          <reporter-output>
          </reporter-output>
        </test-method> <!-- setup -->
        <test-method status="PASS" signature="addNewCustomer()[pri:0, instance:com.inetbanking.testCases.TC_AddCustomerTest_003@7cd62f43]" name="addNewCustomer" duration-ms="18897" started-at="2021-08-11T15:15:14Z" finished-at="2021-08-11T15:15:33Z">
          <reporter-output>
          </reporter-output>
        </test-method> <!-- addNewCustomer -->
        <test-method status="PASS" signature="tearDown()[pri:0, instance:com.inetbanking.testCases.TC_AddCustomerTest_003@7cd62f43]" name="tearDown" is-config="true" duration-ms="74" started-at="2021-08-11T15:15:33Z" finished-at="2021-08-11T15:15:33Z">
          <reporter-output>
          </reporter-output>
        </test-method> <!-- tearDown -->
      </class> <!-- com.inetbanking.testCases.TC_AddCustomerTest_003 -->
    </test> <!-- BankingApp Test -->
  </suite> <!-- InetBankingV1 -->
</testng-results>
