<?xml version="1.0" encoding="UTF-8"?>
<testng-results skipped="0" failed="0" total="2" passed="2">
  <reporter-output>
  </reporter-output>
  <suite name="InetBankingV1" duration-ms="30199" started-at="2021-08-11T09:51:46Z" finished-at="2021-08-11T09:52:16Z">
    <groups>
    </groups>
    <test name="BankingApp Test" duration-ms="30199" started-at="2021-08-11T09:51:46Z" finished-at="2021-08-11T09:52:16Z">
      <class name="com.inetbanking.testCases.TC_LoginTest_001">
        <test-method status="PASS" signature="setup(java.lang.String)[pri:0, instance:com.inetbanking.testCases.TC_LoginTest_001@2344fc66]" name="setup" is-config="true" duration-ms="4656" started-at="2021-08-11T15:21:46Z" finished-at="2021-08-11T15:21:51Z">
          <params>
            <param index="0">
              <value>
                <![CDATA[chrome]]>
              </value>
            </param>
          </params>
          <reporter-output>
          </reporter-output>
        </test-method> <!-- setup -->
        <test-method status="PASS" signature="loginTest()[pri:0, instance:com.inetbanking.testCases.TC_LoginTest_001@2344fc66]" name="loginTest" duration-ms="1432" started-at="2021-08-11T15:21:51Z" finished-at="2021-08-11T15:21:52Z">
          <reporter-output>
          </reporter-output>
        </test-method> <!-- loginTest -->
        <test-method status="PASS" signature="tearDown()[pri:0, instance:com.inetbanking.testCases.TC_LoginTest_001@2344fc66]" name="tearDown" is-config="true" duration-ms="75" started-at="2021-08-11T15:21:52Z" finished-at="2021-08-11T15:21:52Z">
          <reporter-output>
          </reporter-output>
        </test-method> <!-- tearDown -->
      </class> <!-- com.inetbanking.testCases.TC_LoginTest_001 -->
      <class name="com.inetbanking.testCases.TC_AddCustomerTest_003">
        <test-method status="PASS" signature="setup(java.lang.String)[pri:0, instance:com.inetbanking.testCases.TC_AddCustomerTest_003@458ad742]" name="setup" is-config="true" duration-ms="4454" started-at="2021-08-11T15:21:52Z" finished-at="2021-08-11T15:21:57Z">
          <params>
            <param index="0">
              <value>
                <![CDATA[chrome]]>
              </value>
            </param>
          </params>
          <reporter-output>
          </reporter-output>
        </test-method> <!-- setup -->
        <test-method status="PASS" signature="addNewCustomer()[pri:0, instance:com.inetbanking.testCases.TC_AddCustomerTest_003@458ad742]" name="addNewCustomer" duration-ms="19329" started-at="2021-08-11T15:21:57Z" finished-at="2021-08-11T15:22:16Z">
          <reporter-output>
          </reporter-output>
        </test-method> <!-- addNewCustomer -->
        <test-method status="PASS" signature="tearDown()[pri:0, instance:com.inetbanking.testCases.TC_AddCustomerTest_003@458ad742]" name="tearDown" is-config="true" duration-ms="82" started-at="2021-08-11T15:22:16Z" finished-at="2021-08-11T15:22:16Z">
          <reporter-output>
          </reporter-output>
        </test-method> <!-- tearDown -->
      </class> <!-- com.inetbanking.testCases.TC_AddCustomerTest_003 -->
    </test> <!-- BankingApp Test -->
  </suite> <!-- InetBankingV1 -->
</testng-results>
